Log started at 13.10.2022	03:34:34
Number of used processors (NPROC): 6.
Number of mesh partitions (NPART): 6.
Total Physical Memory = 15.93 Gb, Available Physical Memory = 8.40 Gb
Computer name:	AWLAD-DESKTOP
Operating system:	Windows 10 (or higher) (Version 10.0.22000)

SOLIDWORKS 2022 SP1.0
Flow Simulation 2022  x64 / 5482

Project: C:\Users\mdawl\OneDrive\Desktop\Test\Tesla Valve\1\1.xmlconfig
Configuration name: Default
Project name: Project(1)
Problem type: internal-type
Exclude cavities without flow conditions: ON
NGK: OFF
MBO: OFF
-----------------------------------------------------------------------
Mesher option run = eRunMesherNormal
-----------------------------------------------------------------------

Mesh generation started:	13.10.2022	3:34:34
-----------------------------------------------------------------------
Memory Working Set Current = 19.12 Mb, Memory Working Set Peak = 19.12 Mb
Process Threads Number: 7
-----------------------------------------------------------------------
Mesher adjust APD = OFF; AdjustAPD_method=0; N_per_Channel = 0; N2_per_Channel = 0
Current CPU = 0 sec
-----------------------------------------------------------------------
Geometries initialization:
-----------------------------------------------------------------------
Loading mesh settings (global/local)...
-----------------------------------------------------------------------
Number of geometries from DB: 1
Geometry(0):
	Guid = {00000000-0000-0000-0000-000000000000}
	Fluid..
	1 Body.
	1 Real body.
	-- Bodyset 0 --
		Tolerance=1.55e-05.
		60 Face(s).
			60 of b-spline type.
		0 Face(s) that have no ref faces
		37 Plane surface(s).
		23 Cylinder surface(s).
		3900 Triangle(s).
		Getting triangle connectivities from DB: 0.000 s
		167 Edge(s).
			167 of b-spline type.
		BodyGeom reading: 0.005 s.
		3888 Reference Triangles.
		Getting triangle connectivities from DB (Ref): 0.000 s
		BodyGeom Ref reading: 0.000 s.
Geometry(1):
	Solid.
	-- Bodyset 1 --
	Empty
-----------------------------------------------------------------------
Number of geometries in task: 2
Number of bodysets   in task: 2
-----------------------------------------------------------------------
BodySet (0):
	Making hash and connectivity for Bodyset ...
		CBodyGeom:
		Hash size: {58, 14, 8}.
		Mesh size: {58, 14, 8}.
		Hashing triangles...Ok.
			axis(0) tr sizes: average=108 max=720
			axis(1) tr sizes: average=32 max=213
			axis(2) tr sizes: average=14 max=114
		Number of t-connected sets:2 (cavity=1)
		CBodyGeomRef:
		Hashing triangles...Ok.
			axis(0) tr sizes: average=187 max=579
			axis(1) tr sizes: average=47 max=207
			axis(2) tr sizes: average=20 max=105
	0.00463 s.
Geometries reading and preparing has taken 0.013 s.
-----------------------------------------------------------------------
Mapped triangles:
Hashing rough geometry(bodies) triangulation:
BodySet (0):
	Triangles num=3900
	Triangles box={-0.211901 ,0.207926 ,-0.0443017 ,0.0498024 ,-0.0136959 ,0.0418767}
		3d-hash size is 90328 bytes
BodySet (1):
Empty

Hashing peculiar surfaces triangles:
Surface triangles (0):
	Triangles num=2
	Triangles box={0.197963 ,0.197963 ,-0.00522527 ,0.00522396 ,0.00977638 ,0.0302236}
		3d-hash size is 26064 bytes
Surface triangles (1):
	Triangles num=2
	Triangles box={-0.197963 ,-0.197963 ,-0.00522361 ,0.00522361 ,0.00977639 ,0.0302236}
		3d-hash size is 26064 bytes

Mapped triangles processed in 0.006 s.
-----------------------------------------------------------------------
-----------------------------------------------------------------------
Getting sectors:
Number of sectors: 0
-----------------------------------------------------------------------
-----------------------------------------------------------------------

Current CPU = 0 sec
-----------------------------------------------------------------------
Memory Working Set Current = 26.98 Mb, Memory Working Set Peak = 26.98 Mb
Process Threads Number: 12
-----------------------------------------------------------------------
-----------------------------------------------------------------------
Checking faces on CD...
FCD = [0 0 0 0 0 0]
FCD_conflicts = 0
Time (check faces on CD)=0.000 s
-----------------------------------------------------------------------

-----------------------------------------------------------------------
Mesh dimensions:
				I[0 ]=58
				I[1 ]=14
				I[2 ]=8

Comp. domain size:
				a[0  ]=-0.211482
				a[1  ]=0.207507
				a[2  ]=-0.0442078
				a[3  ]=0.0497085
				a[4  ]=-0.0136404
				a[5  ]=0.0418212

Fluid calculated			1
Solid calculated			0
-----------------------------------------------------------------------
MESH Build started...
-----------------------------------------------------------------------
Mesh LEVEL = 2
-----------------------------------------------------------------------
-----------------------------------------------------------------------
CPT-mode xeps:
	D / dh / eps [axis=0] = (0.418989, 0.00180542, 1.80542e-06)
	D / dh / eps [axis=1] = (0.0939163, 0.00167662, 1.67662e-06)
	D / dh / eps [axis=2] = (0.0554616, 0.00173278, 1.73278e-06)
-----------------------------------------------------------------------
Initial allocation and brick-body-box intersection...OK (0.000 s)
Initial triangle brick intersection...OK (0.000 s)
Setting regions (6496 / 6496)...OK (0.000 s)
-----------------------------------------------------------------------
Base mesh info:
	3D task
	Nx=58
	Ny=14
	Nz=8
	N(Nx*Ny*Nz) = 812
	Period    axis=[0, 0, 0]
	Symmetry  ni=[0 0 0 0 0 0]
	ZoomingBC ni=[0 0 0 0 0 0]
	Nx=58
		x[0]=-0.211482
		x[1]=-0.204255
		x[2]=-0.197032
		x[3]=-0.189808
		x[4]=-0.182584
		x[5]=-0.17536
		x[6]=-0.168136
		x[7]=-0.160912
		x[8]=-0.153688
		x[9]=-0.146464
		x[10]=-0.13924
		x[11]=-0.132016
		x[12]=-0.124792
		x[13]=-0.117568
		x[14]=-0.110344
		x[15]=-0.10312
		x[16]=-0.0958962
		x[17]=-0.0886723
		x[18]=-0.0814483
		x[19]=-0.0742244
		x[20]=-0.0670004
		x[21]=-0.0597765
		x[22]=-0.0525525
		x[23]=-0.0453286
		x[24]=-0.0381046
		x[25]=-0.0308807
		x[26]=-0.0236567
		x[27]=-0.0164328
		x[28]=-0.00920885
		x[29]=-0.0019849
		x[30]=0.00523905
		x[31]=0.012463
		x[32]=0.0196869
		x[33]=0.0269109
		x[34]=0.0341348
		x[35]=0.0413588
		x[36]=0.0485827
		x[37]=0.0558067
		x[38]=0.0630306
		x[39]=0.0702546
		x[40]=0.0774785
		x[41]=0.0847025
		x[42]=0.0919264
		x[43]=0.0991504
		x[44]=0.106374
		x[45]=0.113598
		x[46]=0.120822
		x[47]=0.128046
		x[48]=0.13527
		x[49]=0.142494
		x[50]=0.149718
		x[51]=0.156942
		x[52]=0.164166
		x[53]=0.17139
		x[54]=0.178614
		x[55]=0.185838
		x[56]=0.193062
		x[57]=0.200286
		x[58]=0.207507
	Ny=14
		y[0]=-0.0442078
		y[1]=-0.0374977
		y[2]=-0.0307894
		y[3]=-0.0240811
		y[4]=-0.0173728
		y[5]=-0.0106645
		y[6]=-0.00395616
		y[7]=0.00275215
		y[8]=0.00946046
		y[9]=0.0161688
		y[10]=0.0228771
		y[11]=0.0295854
		y[12]=0.0362937
		y[13]=0.043002
		y[14]=0.0497085
	Nz=8
		z[0]=-0.0136404
		z[1]=-0.00670613
		z[2]=0.000226577
		z[3]=0.00715928
		z[4]=0.014092
		z[5]=0.0210247
		z[6]=0.0279574
		z[7]=0.0348901
		z[8]=0.0418212
-----------------------------------------------------------------------
Input_mesh_settings--------------------------------
Settings 0----------------
	Scope: GLOBAL
	Type:	------MESHER_SETTINGS----------
	RefAllCells           =0
	RefFluidCells         =0
	RefPartCells          =0
	RefSolidCells         =0
	l_SSFR(Capture crit)  =1
	l_curv(Curvature crit)=0
	l_tol(Tolerance crit) =1
	  k_tol               =0.0026118
	UseChannelRef         =1
	  NCR_method          =0
	  l_NCR               =2
	  N_gap               =5
	  Use d_NCR_min       =0
	  Use d_NCR_max       =0
	CloseThinSlotsHeight         =0
	--END_OF_MESHER_SETTINGS-------
End of input mesh settings-------------------------
-----------------------------------------------------------------------
Memory Working Set Current = 28.26 Mb, Memory Working Set Peak = 28.26 Mb
Process Threads Number: 12
-----------------------------------------------------------------------
MMP (msh): locals=1, allc_sz=0.81 MB, used_sz=0.80 MB, blks-min-max=15/15
MMP (brx): locals=6, allc_sz=0.87 MB, used_sz=0.79 MB, blks-min-max=3/7
MMP (bcf): locals=0, allc_sz=0.00 MB, used_sz=0.00 MB, blks-min-max=0/0
MMP (xsl): locals=0, allc_sz=0.00 MB, used_sz=0.00 MB, blks-min-max=0/0
NxNyNz = [58, 14, 8]
base_dx=0.00695499; 
NxNyNz_reverse = [60, 14, 8]

-----------------------------------------------------------------------
Refining geometries:
-----------------------------------------------------------------------

-----------------------------------------------------------------------
Refining by triangulation...
Refinement input: 6496 bricks
	Checking crit (6496 / 6496)...261 marked (0.005 s)
	Time(refinement): 0.000 s
Setting regions (2088 / 8323)...OK (0.000 s)
	Checking crit (2088 / 8323)...112 marked (0.002 s)
	Time(refinement): 0.000 s
Setting regions (1912 / 9996)...OK (0.000 s)
	Checking crit (1016 / 9996)...0 marked (0.000 s)
Refinement result: 9996 bricks (0.009 s)
Refinement input: 9996 bricks
	Checking crit (9100 / 9996)...0 marked (0.000 s)
Refinement result: 9996 bricks (0.001 s)
Collecting and processing rays:
	Adding rays...OK (0.002 s)
	new bricks = 9996 / 9996
	new rays   = 3773 (x=382, y=1572, z=1819)
	Processing rays...
		Rays process:  0.007 (0.007) s
		Sort xstacks:  0.000 (0.000) s
		Put xstacks:   0.001 (0.001) s
		Total:         0.008 s
	Correcting rays...
		Lame vertices: 0.001 (0.001) s
		Bad rays:      0.000 (0.000) s
		Emit rays:     0.000 (0.000) s
		Correct ray f: 0.000 (0.000) s
		Undef:         0.000 (0.000) s
		Sum:           0.001 (0.001) s
		Total:         0.002 s
	Time (rays): 0.012 s
Capturing (9996 / 9996)...OK (0.001 s)
Refining by triangulation takes 0.023 s
-----------------------------------------------------------------------

-----------------------------------------------------------------------
Refining peculiar surfaces...
0 surfaces refined
Refining peculiar surfaces takes 0.001 s
-----------------------------------------------------------------------
Collecting and processing rays:
	Adding rays...OK (0.000 s)
	new bricks = 0 / 9996
	new rays   = 0 (x=0, y=0, z=0)
	Processing rays...
		Rays process:  0.000 (0.000) s
		Sort xstacks:  0.000 (0.000) s
		Put xstacks:   0.000 (0.000) s
		Total:         0.000 s
	Correcting rays...
		Total:         0.000 s
	Time (rays): 0.000 s
Capturing (0 / 9996)...OK (0.000 s)

-----------------------------------------------------------------------
Base mesh 1 Refining...
Collecting and processing rays:
	Adding rays...OK (0.000 s)
	new bricks = 0 / 9996
	new rays   = 0 (x=0, y=0, z=0)
	Processing rays...
		Rays process:  0.000 (0.000) s
		Sort xstacks:  0.000 (0.000) s
		Put xstacks:   0.000 (0.000) s
		Total:         0.000 s
	Correcting rays...
		Total:         0.000 s
	Time (rays): 0.000 s
Capturing (0 / 9996)...OK (0.000 s)
Refinement input: 9996 bricks
	Checking crit (9100 / 9996)...0 marked (0.000 s)
Refinement result: 9996 bricks (0.000 s)
-----------------------------------------------------------------------
Refining channels...
FYI: CNarrowChannelRefiner::RefineChannels_PRLL
Refinement input: 9996 bricks
	Time(refinement): 0.001 s
Setting regions (8560 / 17486)...OK (0.000 s)
Refinement result: 17486 bricks (0.002 s)
Collecting and processing rays:
	Adding rays...OK (0.001 s)
	new bricks = 8560 / 17486
	new rays   = 684 (x=71, y=274, z=339)
	Processing rays...
		Rays process:  0.001 (0.001) s
		Sort xstacks:  0.000 (0.000) s
		Put xstacks:   0.000 (0.000) s
		Total:         0.001 s
	Correcting rays...
		Lame vertices: 0.002 (0.002) s
		Bad rays:      0.000 (0.000) s
		Emit rays:     0.000 (0.000) s
		Correct ray f: 0.000 (0.000) s
		Undef:         0.000 (0.000) s
		Sum:           0.002 (0.002) s
		Total:         0.002 s
	Time (rays): 0.005 s
Capturing (8560 / 17486)...OK (0.001 s)
FYI: m_iteration_count = 0
FYI: level1 statistics:
     level1_cnt_plus[1]=8560;		level1_cnt_minus[1]=0
     level1_cnt_plus[2]=0;		level1_cnt_minus[2]=0
     level1_cnt_plus[3]=0;		level1_cnt_minus[3]=0
     level1_cnt_plus[4]=0;		level1_cnt_minus[4]=0
     level1_cnt_plus[5]=0;		level1_cnt_minus[5]=0
     level1_cnt_plus[6]=0;		level1_cnt_minus[6]=0
     level1_cnt_plus[7]=0;		level1_cnt_minus[7]=0
     level1_cnt_plus[8]=0;		level1_cnt_minus[8]=0
     level1_cnt_plus[9]=0;		level1_cnt_minus[9]=0
FYI: m_iteration_count = 1
FYI: level1 statistics:
     level1_cnt_plus[1]=8560;		level1_cnt_minus[1]=0
     level1_cnt_plus[2]=0;		level1_cnt_minus[2]=0
     level1_cnt_plus[3]=0;		level1_cnt_minus[3]=0
     level1_cnt_plus[4]=0;		level1_cnt_minus[4]=0
     level1_cnt_plus[5]=0;		level1_cnt_minus[5]=0
     level1_cnt_plus[6]=0;		level1_cnt_minus[6]=0
     level1_cnt_plus[7]=0;		level1_cnt_minus[7]=0
     level1_cnt_plus[8]=0;		level1_cnt_minus[8]=0
     level1_cnt_plus[9]=0;		level1_cnt_minus[9]=0
Refinement input: 17486 bricks
	Time(refinement): 0.004 s
Setting regions (49968 / 61208)...OK (0.001 s)
Refinement result: 61208 bricks (0.007 s)
Collecting and processing rays:
	Adding rays...OK (0.005 s)
	new bricks = 49968 / 61208
	new rays   = 5367 (x=285, y=2048, z=3034)
	Processing rays...
		Rays process:  0.006 (0.006) s
		Sort xstacks:  0.000 (0.000) s
		Put xstacks:   0.002 (0.002) s
		Total:         0.008 s
	Correcting rays...
		Lame vertices: 0.007 (0.020) s
		Bad rays:      0.000 (0.000) s
		Emit rays:     0.004 (0.004) s
		Correct ray f: 0.000 (0.000) s
		Undef:         0.000 (0.000) s
		Sum:           0.024 (0.024) s
		Total:         0.024 s
	Time (rays): 0.038 s
Capturing (49968 / 61208)...OK (0.005 s)
FYI: m_iteration_count = 2
FYI: level1 statistics:
     level1_cnt_plus[1]=23077;		level1_cnt_minus[1]=0
     level1_cnt_plus[2]=31512;		level1_cnt_minus[2]=0
     level1_cnt_plus[3]=0;		level1_cnt_minus[3]=0
     level1_cnt_plus[4]=0;		level1_cnt_minus[4]=0
     level1_cnt_plus[5]=0;		level1_cnt_minus[5]=0
     level1_cnt_plus[6]=0;		level1_cnt_minus[6]=0
     level1_cnt_plus[7]=0;		level1_cnt_minus[7]=0
     level1_cnt_plus[8]=0;		level1_cnt_minus[8]=0
     level1_cnt_plus[9]=0;		level1_cnt_minus[9]=0
Refinement input: 61208 bricks
	Time(refinement): 0.000 s
Setting regions (1368 / 62405)...OK (0.000 s)
Refinement result: 62405 bricks (0.006 s)
Collecting and processing rays:
	Adding rays...OK (0.000 s)
	new bricks = 1368 / 62405
	new rays   = 63 (x=0, y=0, z=63)
	Processing rays...
		Rays process:  0.000 (0.000) s
		Sort xstacks:  0.000 (0.000) s
		Put xstacks:   0.000 (0.000) s
		Total:         0.000 s
	Correcting rays...
		Lame vertices: 0.000 (0.000) s
		Bad rays:      0.000 (0.000) s
		Emit rays:     0.000 (0.000) s
		Correct ray f: 0.000 (0.000) s
		Undef:         0.000 (0.000) s
		Sum:           0.000 (0.000) s
		Total:         0.001 s
	Time (rays): 0.001 s
Capturing (1368 / 62405)...OK (0.000 s)
FYI: m_iteration_count = 3
FYI: level1 statistics:
     level1_cnt_plus[1]=23374;		level1_cnt_minus[1]=0
     level1_cnt_plus[2]=32464;		level1_cnt_minus[2]=0
     level1_cnt_plus[3]=0;		level1_cnt_minus[3]=0
     level1_cnt_plus[4]=0;		level1_cnt_minus[4]=0
     level1_cnt_plus[5]=0;		level1_cnt_minus[5]=0
     level1_cnt_plus[6]=0;		level1_cnt_minus[6]=0
     level1_cnt_plus[7]=0;		level1_cnt_minus[7]=0
     level1_cnt_plus[8]=0;		level1_cnt_minus[8]=0
     level1_cnt_plus[9]=0;		level1_cnt_minus[9]=0
FYI: m_iteration_count = 4
FYI: level1 statistics:
     level1_cnt_plus[1]=23374;		level1_cnt_minus[1]=0
     level1_cnt_plus[2]=32464;		level1_cnt_minus[2]=0
     level1_cnt_plus[3]=0;		level1_cnt_minus[3]=0
     level1_cnt_plus[4]=0;		level1_cnt_minus[4]=0
     level1_cnt_plus[5]=0;		level1_cnt_minus[5]=0
     level1_cnt_plus[6]=0;		level1_cnt_minus[6]=0
     level1_cnt_plus[7]=0;		level1_cnt_minus[7]=0
     level1_cnt_plus[8]=0;		level1_cnt_minus[8]=0
     level1_cnt_plus[9]=0;		level1_cnt_minus[9]=0
FYI: level1 statistics:
     level1_cnt_plus[1]=23374;		level1_cnt_minus[1]=0
     level1_cnt_plus[2]=32464;		level1_cnt_minus[2]=0
     level1_cnt_plus[3]=0;		level1_cnt_minus[3]=0
     level1_cnt_plus[4]=0;		level1_cnt_minus[4]=0
     level1_cnt_plus[5]=0;		level1_cnt_minus[5]=0
     level1_cnt_plus[6]=0;		level1_cnt_minus[6]=0
     level1_cnt_plus[7]=0;		level1_cnt_minus[7]=0
     level1_cnt_plus[8]=0;		level1_cnt_minus[8]=0
     level1_cnt_plus[9]=0;		level1_cnt_minus[9]=0

-----------------------------------------------------------------------
U-shapes refinement...
Refinement input: 62405 bricks
	Checking crit (14829 / 62405)...0 marked (0.002 s)
Refinement result: 62405 bricks (0.002 s)
Collecting and processing rays:
	Adding rays...OK (0.000 s)
	new bricks = 0 / 62405
	new rays   = 0 (x=0, y=0, z=0)
	Processing rays...
		Rays process:  0.000 (0.000) s
		Sort xstacks:  0.000 (0.000) s
		Put xstacks:   0.000 (0.000) s
		Total:         0.000 s
	Correcting rays...
		Total:         0.000 s
	Time (rays): 0.000 s
Capturing (0 / 62405)...OK (0.000 s)
-----------------------------------------------------------------------

-----------------------------------------------------------------------
Equi Distant Refiner:
Equi Distant Refiner takes 0.00 s
-----------------------------------------------------------------------

/-Ray Intersection---------------/ Time	0.062 s
Calls                9887
CorrectRay Calls     0



-----------------------------------------------------------------------
Refining geometries takes 0.229 s
-----------------------------------------------------------------------
-----------------------------------------------------------------------
Memory Working Set Current = 58.29 Mb, Memory Working Set Peak = 84.14 Mb
Process Threads Number: 12
-----------------------------------------------------------------------
Defect ray count	0
FYI: CNarrowChannelRefiner::RedistributeLevel1_step_1: is finished
FYI: level1 statistics:
     level1_cnt_plus[1]=9664;		level1_cnt_minus[1]=0
     level1_cnt_plus[2]=46174;		level1_cnt_minus[2]=0
     level1_cnt_plus[3]=0;		level1_cnt_minus[3]=0
     level1_cnt_plus[4]=0;		level1_cnt_minus[4]=0
     level1_cnt_plus[5]=0;		level1_cnt_minus[5]=0
     level1_cnt_plus[6]=0;		level1_cnt_minus[6]=0
     level1_cnt_plus[7]=0;		level1_cnt_minus[7]=0
     level1_cnt_plus[8]=0;		level1_cnt_minus[8]=0
     level1_cnt_plus[9]=0;		level1_cnt_minus[9]=0
FYI: CNarrowChannelRefiner::RedistributeLevel1_step_2: is started
FYI: CNarrowChannelRefiner::RedistributeLevel1_step_2: is finished
FYI: level1 statistics:
     level1_cnt_plus[1]=10318;		level1_cnt_minus[1]=0
     level1_cnt_plus[2]=47030;		level1_cnt_minus[2]=0
     level1_cnt_plus[3]=0;		level1_cnt_minus[3]=0
     level1_cnt_plus[4]=0;		level1_cnt_minus[4]=0
     level1_cnt_plus[5]=0;		level1_cnt_minus[5]=0
     level1_cnt_plus[6]=0;		level1_cnt_minus[6]=0
     level1_cnt_plus[7]=0;		level1_cnt_minus[7]=0
     level1_cnt_plus[8]=0;		level1_cnt_minus[8]=0
     level1_cnt_plus[9]=0;		level1_cnt_minus[9]=0
FYI: CNarrowChannelRefiner::RedistributeLevel1_step_3: is started
FYI: CNarrowChannelRefiner::RedistributeLevel1_step_3: is finished
RedistributeLevel1 takes:
FYI: level1 statistics:
     level1_cnt_plus[1]=10318;		level1_cnt_minus[1]=0
     level1_cnt_plus[2]=47030;		level1_cnt_minus[2]=16
     level1_cnt_plus[3]=0;		level1_cnt_minus[3]=0
     level1_cnt_plus[4]=0;		level1_cnt_minus[4]=0
     level1_cnt_plus[5]=0;		level1_cnt_minus[5]=0
     level1_cnt_plus[6]=0;		level1_cnt_minus[6]=0
     level1_cnt_plus[7]=0;		level1_cnt_minus[7]=0
     level1_cnt_plus[8]=0;		level1_cnt_minus[8]=0
     level1_cnt_plus[9]=0;		level1_cnt_minus[9]=0
-----------------------------------------------------------------------
MSH format builder (Iteration 0)
-----------------------------------------------------------------------
Memory Working Set Current = 60.88 Mb, Memory Working Set Peak = 90.59 Mb
Process Threads Number: 12
-----------------------------------------------------------------------
Total bricks count: 62405
-----------------------------------------------------------------------
MSH (Real Geometry) format constructor:
	Geom    Count = 2
	Bodyset Count = 2
	3D task
	Getting brick sets...OK (0.002 s)

	Min x-stack xeps = 6.62103e-05
	D / dh / eps [axis=0] = (0.418989, 0.00180599, 1.80599e-06)
	D / dh / eps [axis=1] = (0.0939163, 0.00167708, 1.67708e-06)
	D / dh / eps [axis=2] = (0.0554616, 0.00173318, 1.73318e-06)
	Time (xeps): 0.000 s
Level 2
	Set (0)  size: 23788
	Set (0)  time: 0.091 s
	Set (1)  size: 23788
	Set (1)  time: 0.088 s
Level 1
	Set (0)  size: 5186
	Set (0)  time: 0.006 s
	Set (1)  size: 5187
	Set (1)  time: 0.006 s
Level 0
	Set (0)  size: 2230
	Set (0)  time: 0.001 s
	Set (1)  size: 2226
	Set (1)  time: 0.001 s

	Spread npq bricks...0 marked (0.002 s)

Result:
	Bricks number:                        62405

	Memory usage:                         11.232 MB
	Memory usage (per brick):             0.184 KB
	Construction time:                    0.198 s

	Topology features:
	------------------
	- High quality bricks                  100.00 % (62405)
	- Medium quality bricks                  0.00 % (0)
	- Bad quality bricks                     0.00 % (0)
	- NPQ bricks                             0.00 % (0)
	- Type-1 bricks                         32.32 % (20168)
	- Ribs corrected bricks                  0.00 % (0)
	- Points with geom-info (bricks)         0.00 % (0)
	- Points with closest-info (bricks)      0.00 % (0)
	- Triangulated by center (bricks)        0.00 % (0)
	- Facet w-faces mergings (bricks)        0.00 % (0)
	- To refine (bricks)                     0.00 % (0)
	- Points-count                           0.00 % (0)
	- T-self-intersection-all (bricks)       0.00 % (0)
	- T-self-intersection-simple (bricks)    0.00 % (0)
	- T-self-intersection-complex (bricks)   0.00 % (0)
	- NPQ by reason 1 u-shape                0.00 % (0)
	- NPQ by reason 2 tri-by-ctr             0.00 % (0)
	- NPQ by reason 3 ray-correction         0.00 % (0)
	- NPQ by reason 4 t-self-intersection    0.00 % (0)
	- NPQ by reason 5 non-good               0.00 % (0)
	- NPQ by reason 6 npq-worker             0.00 % (0)

-----------------------------------------------------------------------
Memory Working Set Current = 80.10 Mb, Memory Working Set Peak = 90.59 Mb
Process Threads Number: 12
-----------------------------------------------------------------------
-----------------------------------------------------------------------
msh-iterations: 1
-----------------------------------------------------------------------
high---q-brick-count = 100.00 % (62405 62405)
medium-q-brick-count =   0.00 % (62405 0)
bad----q-brick-count =   0.00 % (62405 0)
np-----q-brick-count =   0.00 % (62405 0)
-----------------------------------------------------------------------
Free brick parser storage...OK(0.001 s)
-----------------------------------------------------------------------
Memory Working Set Current = 80.14 Mb, Memory Working Set Peak = 90.59 Mb
Process Threads Number: 12
-----------------------------------------------------------------------
-----------------------------------------------------------------------
MSH --> BCF format (Iteration 0)...
BCF collector...(remove mode=0)
	Time (alloc counter per brick): 0.001 s
	Brick    count: 62405
	Av.f all count: 39178
	Av.s all count: 43653
	Av.f pid count: 20415
	Av.s pid count: 20179
	Faces fs count: 24833
	Faces ff count: 0
	Faces ss count: 0
	Faces bb count: 0
	Faces fe count: 0
	Faces se count: 2803
	Faces fw count: 27636
	Faces af count: 108831
	Faces as count: 132371
	Time (all count): 	0.006 s
	Time (bcf alloc): 	0.001 s
	Time (shifts alloc): 	0.002 s
	Time (shifts init): 	0.002 s
	Time (bcf fill): 	0.015 s
	Time (add av to faces): 0.000 s
	Time (add faces to av): 0.006 s
Time (bcf collect): 		0.034 s
	AV checker...
	Time (check av): 	0.013 s
	Subdomain checker...
		Subdomains construction time: 0.010 s.
		Subdomains sort time: 0.000 s.
			Subdomain 0 (geom_ind=0): 39178 av
			Subdomain 1 (geom_ind=1): 43653 av
		gi: 0, real bodies: 1
		gi: 0, subdomains:  1
		gi: 1, real bodies: 0
		gi: 1, subdomains:  1
		Defect subdomains: 0
	Time (check subdoms): 	0.011 s
Time (bcf iteration total): 	0.059 s
	Time (fw-nb): 		0.001 s
	Fixed mutual fw-nb:     4829 (bb: 0)
	Time (fw-nb mutual): 	0.002 s
	Time (fw-nb sort): 	0.000 s
	Fw-opt BEFORE total:    27636 (fs=24833, ff=0, ss=0)
	Fw-opt AFTER  total:    26488 (fs=23685, ff=0, ss=0, failed fw/br=0/0, big_curv=0, big_poly=0)
	Fw-opt RESULT:          1148 (res/(fs+ff+ss) = 4.62 %)
	Time (fw-opt): 		0.002 s
	Time (fw-re-order): 	0.002 s
	Time (fw-nb): 		0.008 s
	Fixed mutual fw-nb:     53406 (bb: 0)
	Time (fw-nb mutual): 	0.005 s
	Time (fw-nb sort): 	0.001 s
	Time (rfd fix): 	0.000 s
	Time (av convexity): 	0.004 s
	Time (av small volume): 0.001 s
	Time (diagonal fw-nb): 	0.026 s
	Fixed mutual fw-nb:     0 (bb: 0)
	Time (fw-nb mutual): 	0.003 s
	Time (fw-nb sort): 	0.001 s
	Fluid subdomains: 1
	Faces fw-nb diff sd:    0
	Time (fw-nb diff sd): 	0.008 s
Time (bcf calc): 		0.068 s
-----------------------------------------------------------------------
Time (bcf total): 		0.127 s
-----------------------------------------------------------------------
-----------------------------------------------------------------------
Mega-cv constructor for fluid...
	 0 av's is treated as thin
Relative size generator (threshold = 0.05)...
	Iteration 1 (small cluster count = 1424)
	Iteration 2 (small cluster count = 780)
	Iteration 3 (small cluster count = 144)
	Iteration 4 (small cluster count = 41)
	Iteration 5 (small cluster count = 9)
	Iteration 6 (small cluster count = 0)
	 1405 mega-cv's generated
	 39 mega-cv's removed
Relative size generator is completed OK (0.004 s)
Apply fa-rules to mega-cv clusters fixes...
OK (0.001 s)
Convert clusters:
	 1366 mega-cv's total
Mega-cv count: 1366
Time (mega-cv fill): 	0.002 s
Time (mega-cv total): 	0.019 s
-----------------------------------------------------------------------
Mixing plane rotation regions: NO.
Sliding mesh rotation regions: NO.
Fluid/fluid faces: NO.
-----------------------------------------------------------------------
Memory Working Set Current = 114.32 Mb, Memory Working Set Peak = 119.40 Mb
Process Threads Number: 12
-----------------------------------------------------------------------
----------------------------------------------------------
BCF --> BCF.GEOMSUBDOM (bridge arrays):
MESH (0):
	Fluid Subdom Constructor: 1 subdom(s).
	Solid Subdom Constructor: 1 subdom(s).
	Net Asm Subdom Constructor: 0 subdom(s).
	GEOMSUBDOM (0): gi=0 fluid av=39178 cv=37754 fa=108831 fb=0 fw=23685 V=2.005382e-04
	Cache data...OK
	GEOMSUBDOM (1): gi=1 solid av=43653 cv=43653 fa=132371 fb=0 fw=26488 V=1.981872e-03
	Cache data...OK
	Setting nb of w-faces...OK (0.005 s).
	Correcting nb of w-faces...
	Time(correct_fw_nb)=0.005 s

MESH (0) checking:
	GEOMSUBDOM (0):fa_s=0.2932677362102946 fb_s=0.0000000000000000 fw_s=0.0564602965796420 fw_nb=188808
	              :d_const(29845)=1.26764e-10 d_linear(28568)=1.01449e-10
	GEOMSUBDOM (1):fa_s=1.0927225140230736 fb_s=0.0000000000000000 fw_s=0.1920532598866078 fw_nb=200040
	              :d_const(32307)=2.42125e-11 d_linear(32300)=6.63381e-11
MESH (0) checking: OK.
Time (MDS): 	0.069 s
----------------------------------------------------------
-----------------------------------------------------------------------
Memory Working Set Current = 140.88 Mb, Memory Working Set Peak = 140.88 Mb
Process Threads Number: 12
-----------------------------------------------------------------------

-----------------------------------------------------------------------
BCF CHECKSUM DATA (Mesh 0):

BRICK |Level1| Sum:               104410
FACE_A Area Sum:   G.Fluid        0.2932677362102951
FACE_A Area Sum:   G.Solid        1.0927225140230725
FACE_W Area Sum:                  0.1920532598866077
FACE_W Nb   Sum:                  200040
FACE_W min curvatures sum:        -239208.15874863
FACE_W max curvatures sum:        1277771.07267761
AV Max Disbalance(Const) :        1.26764e-10 (cid=58954, t={141, 32, 25}, avid=37708, pid=19341)
AV Max Disbalance(Linear):        1.01449e-10 (cid=16163, t={141, 32, 13}, avid=6947, pid=4307)
-----------------------------------------------------------------------


-----------------------------------------------------------------------
MESHER TOPOLOGY DATA:

BRICKS: Total                 62405
BRICKS: Fluid                 38931
BRICKS: Fluid Partial         20168
BRICKS: Type 1                20168
BRICKS: Max AV number         3

AV:     G.Total               82831
AV:     G.Fluid               39178
AV:     G.Solid               43653

AV:     G.Fluid Thin Profile    0.03 % (11)
AV:     G.Solid Thin Profile    0.57 % (247)

AV:     G.Fluid Thin For Mega   0.00 % (0)
AV:     G.Solid Thin For Mega   0.48 % (209)

AV:     G.Fluid Non-Convex      2.34 % (915)
AV:     G.Solid Non-Convex      6.18 % (2699)

AV:     G.Fluid Non-Ess-Convex      1.03 % (403)
AV:     G.Solid Non-Ess-Convex      6.18 % (2699)

FACE_A: G.Fluid          (af) 108831 (partially opened 41198)
FACE_A: G.Solid          (as) 132371 (partially opened 40824)

FACE_B: G.Total          (b)  0

FACE_W: G.Total                 26488       Brick/Bound
FACE_W: G.Fluid/Solid    (fs_g) 23685       0           
FACE_W: G.Fluid/Fluid    (ff_g) 0           0           
FACE_W: G.Solid/Solid    (ss_g) 0           0           
FACE_W: G.Fluid/External (fe_g) 0
FACE_W: G.Solid/External (se_g) 2803

AV/CV max fa count (on brick side):4
AV/CV max fw count:                4
AV/CV max fb count:                0
AV/CV max fw poly count:           9

MEMORY: Total                   26.888 MB
MEMORY: Per Brick               0.441 KB
-----------------------------------------------------------------------

-----------------------------------------------------------------------
Connectivities information:
	Number of conns: 0
-----------------------------------------------------------------------
	Time (gap size): 	0.036 s
-----------------------------------------------------------------------
Memory Working Set Current = 140.92 Mb, Memory Working Set Peak = 141.33 Mb
Process Threads Number: 12
-----------------------------------------------------------------------
-----------------------------------------------------------------------
Calculating curvature and tolerance criteria...
Curvature: min=0 (cid=0) max=2.96138 (cid=11633)
Tolerance: min=0 (cid=0) max=0.00174457 (cid=56491)
Calculating curvature and tolerance criteria takes 0.023 s
-----------------------------------------------------------------------
MESH Build(FS) finished. Time=0.873 s
-----------------------------------------------------------------------
Current CPU = 1 sec

Nx=58
Ny=14
Nz=8
Max BRICK Level=2
Mesh Level=2
-----------------CModelBodies2MeshMapper::CollectData started -------------------------------
	Time (collect mesh base data): 0.004 s.
	Time (collect model bodies mapping): 0.000 s.
	Time (collect positive bodies mapping): 0.000 s.
	Time (collect fluid bodies mapping): 0.000 s.
-----------------CModelBodies2MeshMapper Report -------------------------------
FluidDomains 1 SolidDomains 1 VoidDomains 0 
Domains RefIndexes
----------------- -------------------------------
	ModelBodies
Total resolved Bodies 0 BodySets 0

--------------------------------------------------------------------------
	Positive geometry Bodies
Total resolved Bodies 1 BodySets 1
BodySet 0
	Bodies list:
			#0	Name: ;	ID: d75a48af-e65e-45a0-88d1-e915733b37b5
	Domains list:		 0 

--------------------------------------------------------------------------
	Fluid regions
Total resolved Bodies 1 BodySets 1
BodySet 0	Material: Water; 
	Bodies list:
			#0	Name: ;	ID: d75a48af-e65e-45a0-88d1-e915733b37b5
	Domains list:		 0 

--------------------------------------------------------------------------
Collect data takes...0.005 s
-----------------CModelBodies2MeshMapper::CollectData finished successfully-------------------
Saving initial mesh in: C:\Users\mdawl\OneDrive\Desktop\Test\Tesla Valve\1\1.fld .
Storing results...
	Estimated CPT size=13.044 MB.
	Time (write bcf): 0.437 s
Storing results takes 0.452 s
-----------------------------------------------------------------------
Memory Working Set Current = 141.48 Mb, Memory Working Set Peak = 141.48 Mb
Process Threads Number: 12
-----------------------------------------------------------------------
Cleaning memory...
-----------------------------------------------------------------------
Start to free mesher data...
MMP (msh): locals=6, allc_sz=9.59 MB, used_sz=8.60 MB, blks-min-max=16/21
MMP (brx): locals=6, allc_sz=27.99 MB, used_sz=25.67 MB, blks-min-max=22/23
MMP (bcf): locals=6, allc_sz=46.60 MB, used_sz=43.86 MB, blks-min-max=19/54
MMP (xsl): locals=6, allc_sz=1.60 MB, used_sz=1.41 MB, blks-min-max=6/10
Free xsl...            OK	Time=0.000 s
Free ray collector...  OK	Time=0.000 s
Free ray intersector...OK	Time=0.000 s
Free body sets...      OK	Time=0.000 s
Free Geometry DB takes 0.000 s
Free mesh conn...      OK	Time=0.000 s
Free geomsd...         OK	Time=0.000 s
Free mbricks...        OK	Time=0.001 s
Free hash info...      OK	Time=0.001 s
Free bricks-x...       OK	Time=0.000 s
Free bcf...            OK	Time=0.003 s
Free mesh h...         OK	Time=0.000 s
Free bricks arr..      OK	Time=0.000 s
Free bricks tree...    OK	Time=0.000 s
Free mesh pools...     OK	Time=0.006 s
Free bodies mapper...  OK	Time=0.000 s
Free geom crits...     OK	Time=0.000 s
Free cpt regions...    OK	Time=0.000 s
Free peculiar surfs... OK	Time=0.000 s
Free sw-geometries...  OK	Time=0.000 s
Total free mesher data time: 0.014 s
-----------------------------------------------------------------------
Copying... OK
Mesh generation normally finished at	13.10.2022	3:34:35
Mesher CPU = 1 sec
Mesher is finished at	13.10.2022	3:34:35
-----------------------------------------------------------------------
Memory Working Set Current = 45.58 Mb, Memory Working Set Peak = 141.93 Mb
Process Threads Number: 12
-----------------------------------------------------------------------
Algebra Pool      : mem_usage = 1.94 Mb, allocated count = 0
-----------------------------------------------------------------------
Memory Working Set Current = 44.02 Mb, Memory Working Set Peak = 141.93 Mb
Process Threads Number: 12
-----------------------------------------------------------------------
Log ended at 13.10.2022	03:34:35
