Log started at 15.10.2022	19:57:23
Number of used processors (NPROC): 6.
Number of mesh partitions (NPART): 6.
Total Physical Memory = 15.93 Gb, Available Physical Memory = 8.02 Gb
Computer name:	AWLAD-DESKTOP
Operating system:	Windows 10 (or higher) (Version 10.0.22000)

SOLIDWORKS 2022 SP1.0
Flow Simulation 2022  x64 / 5482

Project: C:\Users\mdawl\OneDrive\Desktop\Test\Airflow AirFoil\1\1.xmlconfig
Configuration name: Default
Project name: Flow Simulation
Problem type: external-type
Exclude cavities without flow conditions: OFF
NGK: OFF
MBO: OFF
-----------------------------------------------------------------------
Mesher option run = eRunMesherNormal
-----------------------------------------------------------------------

Mesh generation started:	15.10.2022	19:57:23
-----------------------------------------------------------------------
Memory Working Set Current = 17.15 Mb, Memory Working Set Peak = 17.15 Mb
Process Threads Number: 7
-----------------------------------------------------------------------
Mesher adjust APD = OFF; AdjustAPD_method=0; N_per_Channel = 0; N2_per_Channel = 0
Current CPU = 0 sec
-----------------------------------------------------------------------
Geometries initialization:
-----------------------------------------------------------------------
Loading mesh settings (global/local)...
-----------------------------------------------------------------------
Number of geometries from DB: 1
Geometry(0):
	Guid = {00000000-0000-0000-0000-000000000000}
	Fluid..
	1 Body.
	1 Real body.
	-- Bodyset 0 --
		Tolerance=1.21609e-07.
		4 Face(s).
			4 of b-spline type.
		0 Face(s) that have no ref faces
		3 Plane surface(s).
		1 Extrude surface(s).
		484 Triangle(s).
		Getting triangle connectivities from DB: 0.000 s
		6 Edge(s).
			6 of b-spline type.
		BodyGeom reading: 0.003 s.
		484 Reference Triangles.
		Getting triangle connectivities from DB (Ref): 0.000 s
		BodyGeom Ref reading: 0.000 s.
Geometry(1):
	Solid.
	-- Bodyset 1 --
	Empty
-----------------------------------------------------------------------
Number of geometries in task: 2
Number of bodysets   in task: 2
-----------------------------------------------------------------------
BodySet (0):
	Making hash and connectivity for Bodyset ...
		CBodyGeom:
		Hash size: {32, 25, 32}.
		Mesh size: {32, 25, 32}.
		Hashing triangles...Ok.
			axis(0) tr sizes: average=14 max=96
			axis(1) tr sizes: average=10 max=67
			axis(2) tr sizes: average=9 max=56
		Number of t-connected sets:1 (cavity=0)
		CBodyGeomRef:
		Hashing triangles...Ok.
			axis(0) tr sizes: average=14 max=96
			axis(1) tr sizes: average=10 max=67
			axis(2) tr sizes: average=9 max=54
	0.00241 s.
Geometries reading and preparing has taken 0.007 s.
-----------------------------------------------------------------------
Mapped triangles:
Hashing rough geometry(bodies) triangulation:
BodySet (0):
	Triangles num=484
	Triangles box={-8.10409e-08 ,0.000985269 ,-0.000175004 ,6.72624e-05 ,0 ,0.001}
		3d-hash size is 112464 bytes
BodySet (1):
Empty

Mapped triangles processed in 0.003 s.
-----------------------------------------------------------------------
-----------------------------------------------------------------------
Getting sectors:
Number of sectors: 0
-----------------------------------------------------------------------
-----------------------------------------------------------------------

Current CPU = 0 sec
-----------------------------------------------------------------------
Memory Working Set Current = 22.12 Mb, Memory Working Set Peak = 22.12 Mb
Process Threads Number: 12
-----------------------------------------------------------------------
-----------------------------------------------------------------------
Checking faces on CD...
FCD = [0 0 0 0 0 0]
FCD_conflicts = 0
Time (check faces on CD)=0.000 s
-----------------------------------------------------------------------

-----------------------------------------------------------------------
Mesh dimensions:
				I[0 ]=32
				I[1 ]=25
				I[2 ]=32

Comp. domain size:
				a[0  ]=-0.00101309
				a[1  ]=0.00622435
				a[2  ]=-0.001947
				a[3  ]=0.00125291
				a[4  ]=-0.00246761
				a[5  ]=0.00346761

Fluid calculated			1
Solid calculated			0
-----------------------------------------------------------------------
MESH Build started...
-----------------------------------------------------------------------
Mesh LEVEL = 2
-----------------------------------------------------------------------
-----------------------------------------------------------------------
CPT-mode xeps:
	D / dh / eps [axis=0] = (0.00723744, 3.72215e-05, 3.72215e-08)
	D / dh / eps [axis=1] = (0.00319991, 2.37555e-05, 2.37555e-08)
	D / dh / eps [axis=2] = (0.00593522, 3.50317e-05, 3.50317e-08)
-----------------------------------------------------------------------
Initial allocation and brick-body-box intersection...OK (0.001 s)
Initial triangle brick intersection...OK (0.000 s)
Setting regions (25600 / 25600)...OK (0.000 s)
-----------------------------------------------------------------------
Base mesh info:
	3D task
	Nx=32
	Ny=25
	Nz=32
	N(Nx*Ny*Nz) = 800
	Period    axis=[0, 0, 0]
	Symmetry  ni=[0 0 0 0 0 0]
	ZoomingBC ni=[0 0 0 0 0 0]
	Nx=32
		x[0]=-0.00101309
		x[1]=-0.000819775
		x[2]=-0.000636343
		x[3]=-0.000462235
		x[4]=-0.000296977
		x[5]=-0.000140118
		x[6]=8.76779e-06
		x[7]=0.000169886
		x[8]=0.000331
		x[9]=0.000492114
		x[10]=0.000653228
		x[11]=0.000814342
		x[12]=0.000975456
		x[13]=0.00112714
		x[14]=0.00128706
		x[15]=0.00145566
		x[16]=0.00163342
		x[17]=0.00182082
		x[18]=0.0020184
		x[19]=0.00222671
		x[20]=0.00244632
		x[21]=0.00267786
		x[22]=0.00292196
		x[23]=0.00317932
		x[24]=0.00345065
		x[25]=0.00373671
		x[26]=0.00403829
		x[27]=0.00435625
		x[28]=0.00469147
		x[29]=0.00504489
		x[30]=0.00541749
		x[31]=0.00581032
		x[32]=0.00622435
	Ny=25
		y[0]=-0.001947
		y[1]=-0.00176605
		y[2]=-0.00159395
		y[3]=-0.00143023
		y[4]=-0.00127448
		y[5]=-0.00112631
		y[6]=-0.000985359
		y[7]=-0.000851265
		y[8]=-0.000723699
		y[9]=-0.000602343
		y[10]=-0.000486894
		y[11]=-0.000377065
		y[12]=-0.000272582
		y[13]=-0.000173185
		y[14]=-5.40027e-05
		y[15]=6.51742e-05
		y[16]=0.000160196
		y[17]=0.00025985
		y[18]=0.000364351
		y[19]=0.000473937
		y[20]=0.000588854
		y[21]=0.000709362
		y[22]=0.000835733
		y[23]=0.000968252
		y[24]=0.00110722
		y[25]=0.00125291
	Nz=32
		z[0]=-0.00246761
		z[1]=-0.00221672
		z[2]=-0.00197777
		z[3]=-0.00175014
		z[4]=-0.00153328
		z[5]=-0.0013267
		z[6]=-0.0011299
		z[7]=-0.000942422
		z[8]=-0.000763823
		z[9]=-0.000593681
		z[10]=-0.000431598
		z[11]=-0.00027719
		z[12]=-0.000130096
		z[13]=1.00323e-05
		z[14]=0.000173371
		z[15]=0.000336704
		z[16]=0.000500038
		z[17]=0.000663371
		z[18]=0.000826704
		z[19]=0.000990038
		z[20]=0.00113016
		z[21]=0.00127726
		z[22]=0.00143168
		z[23]=0.00159376
		z[24]=0.00176391
		z[25]=0.00194252
		z[26]=0.00213
		z[27]=0.0023268
		z[28]=0.00253339
		z[29]=0.00275025
		z[30]=0.00297788
		z[31]=0.00321684
		z[32]=0.00346761
-----------------------------------------------------------------------
Input_mesh_settings--------------------------------
Settings 0----------------
	Scope: GLOBAL
	Type:	------MESHER_SETTINGS----------
	RefAllCells           =0
	RefFluidCells         =0
	RefPartCells          =0
	RefSolidCells         =0
	l_SSFR(Capture crit)  =1
	l_curv(Curvature crit)=0
	l_tol(Tolerance crit) =1
	  k_tol               =6.08046e-05
	UseChannelRef         =1
	  NCR_method          =0
	  l_NCR               =2
	  N_gap               =5
	  Use d_NCR_min       =0
	  Use d_NCR_max       =0
	CloseThinSlotsHeight         =0
	--END_OF_MESHER_SETTINGS-------
End of input mesh settings-------------------------
-----------------------------------------------------------------------
Memory Working Set Current = 27.93 Mb, Memory Working Set Peak = 27.93 Mb
Process Threads Number: 12
-----------------------------------------------------------------------
MMP (msh): locals=1, allc_sz=3.71 MB, used_sz=3.13 MB, blks-min-max=22/22
MMP (brx): locals=4, allc_sz=3.16 MB, used_sz=2.93 MB, blks-min-max=2/20
MMP (bcf): locals=0, allc_sz=0.00 MB, used_sz=0.00 MB, blks-min-max=0/0
MMP (xsl): locals=0, allc_sz=0.00 MB, used_sz=0.00 MB, blks-min-max=0/0
NxNyNz = [32, 25, 32]
base_dx=0.000179881; 
NxNyNz_reverse = [40, 18, 33]

-----------------------------------------------------------------------
Refining geometries:
-----------------------------------------------------------------------

-----------------------------------------------------------------------
Refining by triangulation...
Refinement input: 25600 bricks
	Checking crit (25600 / 25600)...10 marked (0.003 s)
	Time(refinement): 0.000 s
Setting regions (80 / 25670)...OK (0.000 s)
	Checking crit (80 / 25670)...6 marked (0.000 s)
	Time(refinement): 0.000 s
Setting regions (112 / 25768)...OK (0.000 s)
	Checking crit (64 / 25768)...0 marked (0.000 s)
Refinement result: 25768 bricks (0.008 s)
Refinement input: 25768 bricks
	Checking crit (25720 / 25768)...0 marked (0.001 s)
Refinement result: 25768 bricks (0.001 s)
Collecting and processing rays:
	Adding rays...OK (0.004 s)
	new bricks = 25768 / 25768
	new rays   = 2975 (x=902, y=1173, z=900)
	Processing rays...
		Rays process:  0.040 (0.040) s
		Sort xstacks:  0.000 (0.000) s
		Put xstacks:   0.000 (0.000) s
		Total:         0.041 s
	Correcting rays...
		Lame vertices: 0.001 (0.001) s
		Bad rays:      0.000 (0.000) s
		Emit rays:     0.000 (0.000) s
		Correct ray f: 0.000 (0.000) s
		Undef:         0.000 (0.000) s
		Sum:           0.001 (0.001) s
		Total:         0.001 s
	Time (rays): 0.046 s
Capturing (25768 / 25768)...OK (0.001 s)
Refining by triangulation takes 0.055 s
-----------------------------------------------------------------------

-----------------------------------------------------------------------
Refining peculiar surfaces...
0 surfaces refined
Refining peculiar surfaces takes 0 s
-----------------------------------------------------------------------
Collecting and processing rays:
	Adding rays...OK (0.000 s)
	new bricks = 0 / 25768
	new rays   = 0 (x=0, y=0, z=0)
	Processing rays...
		Rays process:  0.000 (0.000) s
		Sort xstacks:  0.000 (0.000) s
		Put xstacks:   0.000 (0.000) s
		Total:         0.000 s
	Correcting rays...
		Total:         0.000 s
	Time (rays): 0.000 s
Capturing (0 / 25768)...OK (0.000 s)

-----------------------------------------------------------------------
Base mesh 1 Refining...
Collecting and processing rays:
	Adding rays...OK (0.000 s)
	new bricks = 0 / 25768
	new rays   = 0 (x=0, y=0, z=0)
	Processing rays...
		Rays process:  0.000 (0.000) s
		Sort xstacks:  0.000 (0.000) s
		Put xstacks:   0.000 (0.000) s
		Total:         0.000 s
	Correcting rays...
		Total:         0.000 s
	Time (rays): 0.000 s
Capturing (0 / 25768)...OK (0.000 s)
Refinement input: 25768 bricks
	Checking crit (25720 / 25768)...0 marked (0.000 s)
Refinement result: 25768 bricks (0.000 s)
-----------------------------------------------------------------------
Refining channels...
FYI: CNarrowChannelRefiner::RefineChannels_PRLL
FYI: m_iteration_count = 0
FYI: level1 statistics:
     level1_cnt_plus[1]=0;		level1_cnt_minus[1]=0
     level1_cnt_plus[2]=0;		level1_cnt_minus[2]=0
     level1_cnt_plus[3]=0;		level1_cnt_minus[3]=0
     level1_cnt_plus[4]=0;		level1_cnt_minus[4]=0
     level1_cnt_plus[5]=0;		level1_cnt_minus[5]=0
     level1_cnt_plus[6]=0;		level1_cnt_minus[6]=0
     level1_cnt_plus[7]=0;		level1_cnt_minus[7]=0
     level1_cnt_plus[8]=0;		level1_cnt_minus[8]=0
     level1_cnt_plus[9]=0;		level1_cnt_minus[9]=0
FYI: m_iteration_count = 1
FYI: level1 statistics:
     level1_cnt_plus[1]=0;		level1_cnt_minus[1]=0
     level1_cnt_plus[2]=0;		level1_cnt_minus[2]=0
     level1_cnt_plus[3]=0;		level1_cnt_minus[3]=0
     level1_cnt_plus[4]=0;		level1_cnt_minus[4]=0
     level1_cnt_plus[5]=0;		level1_cnt_minus[5]=0
     level1_cnt_plus[6]=0;		level1_cnt_minus[6]=0
     level1_cnt_plus[7]=0;		level1_cnt_minus[7]=0
     level1_cnt_plus[8]=0;		level1_cnt_minus[8]=0
     level1_cnt_plus[9]=0;		level1_cnt_minus[9]=0
FYI: level1 statistics:
     level1_cnt_plus[1]=0;		level1_cnt_minus[1]=0
     level1_cnt_plus[2]=0;		level1_cnt_minus[2]=0
     level1_cnt_plus[3]=0;		level1_cnt_minus[3]=0
     level1_cnt_plus[4]=0;		level1_cnt_minus[4]=0
     level1_cnt_plus[5]=0;		level1_cnt_minus[5]=0
     level1_cnt_plus[6]=0;		level1_cnt_minus[6]=0
     level1_cnt_plus[7]=0;		level1_cnt_minus[7]=0
     level1_cnt_plus[8]=0;		level1_cnt_minus[8]=0
     level1_cnt_plus[9]=0;		level1_cnt_minus[9]=0

-----------------------------------------------------------------------
U-shapes refinement...
Refinement input: 25768 bricks
	Checking crit (25720 / 25768)...54 marked (0.001 s)
	Time(refinement): 0.000 s
Setting regions (464 / 26174)...OK (0.000 s)
	Checking crit (368 / 26174)...18 marked (0.000 s)
	Time(refinement): 0.000 s
Setting regions (208 / 26356)...OK (0.000 s)
	Checking crit (64 / 26356)...0 marked (0.000 s)
Refinement result: 26356 bricks (0.006 s)
Collecting and processing rays:
	Adding rays...OK (0.000 s)
	new bricks = 654 / 26356
	new rays   = 337 (x=121, y=208, z=8)
	Processing rays...
		Rays process:  0.000 (0.000) s
		Sort xstacks:  0.000 (0.000) s
		Put xstacks:   0.000 (0.000) s
		Total:         0.001 s
	Correcting rays...
		Lame vertices: 0.000 (0.000) s
		Bad rays:      0.000 (0.000) s
		Emit rays:     0.000 (0.000) s
		Correct ray f: 0.000 (0.000) s
		Undef:         0.000 (0.000) s
		Sum:           0.000 (0.000) s
		Total:         0.000 s
	Time (rays): 0.001 s
Capturing (654 / 26356)...OK (0.000 s)
-----------------------------------------------------------------------

-----------------------------------------------------------------------
Equi Distant Refiner:
Equi Distant Refiner takes 0.00 s
-----------------------------------------------------------------------

/-Ray Intersection---------------/ Time	0.241 s
Calls                3312
CorrectRay Calls     0



-----------------------------------------------------------------------
Refining geometries takes 0.070 s
-----------------------------------------------------------------------
-----------------------------------------------------------------------
Memory Working Set Current = 32.00 Mb, Memory Working Set Peak = 32.88 Mb
Process Threads Number: 12
-----------------------------------------------------------------------
Defect ray count	0
FYI: CNarrowChannelRefiner::RedistributeLevel1_step_1: is finished
FYI: level1 statistics:
     level1_cnt_plus[1]=0;		level1_cnt_minus[1]=0
     level1_cnt_plus[2]=0;		level1_cnt_minus[2]=0
     level1_cnt_plus[3]=0;		level1_cnt_minus[3]=0
     level1_cnt_plus[4]=0;		level1_cnt_minus[4]=0
     level1_cnt_plus[5]=0;		level1_cnt_minus[5]=0
     level1_cnt_plus[6]=0;		level1_cnt_minus[6]=0
     level1_cnt_plus[7]=0;		level1_cnt_minus[7]=0
     level1_cnt_plus[8]=0;		level1_cnt_minus[8]=0
     level1_cnt_plus[9]=0;		level1_cnt_minus[9]=0
FYI: CNarrowChannelRefiner::RedistributeLevel1_step_2: is started
FYI: CNarrowChannelRefiner::RedistributeLevel1_step_2: is finished
FYI: level1 statistics:
     level1_cnt_plus[1]=0;		level1_cnt_minus[1]=0
     level1_cnt_plus[2]=0;		level1_cnt_minus[2]=0
     level1_cnt_plus[3]=0;		level1_cnt_minus[3]=0
     level1_cnt_plus[4]=0;		level1_cnt_minus[4]=0
     level1_cnt_plus[5]=0;		level1_cnt_minus[5]=0
     level1_cnt_plus[6]=0;		level1_cnt_minus[6]=0
     level1_cnt_plus[7]=0;		level1_cnt_minus[7]=0
     level1_cnt_plus[8]=0;		level1_cnt_minus[8]=0
     level1_cnt_plus[9]=0;		level1_cnt_minus[9]=0
FYI: CNarrowChannelRefiner::RedistributeLevel1_step_3: is started
FYI: CNarrowChannelRefiner::RedistributeLevel1_step_3: is finished
RedistributeLevel1 takes:
FYI: level1 statistics:
     level1_cnt_plus[1]=0;		level1_cnt_minus[1]=0
     level1_cnt_plus[2]=0;		level1_cnt_minus[2]=0
     level1_cnt_plus[3]=0;		level1_cnt_minus[3]=0
     level1_cnt_plus[4]=0;		level1_cnt_minus[4]=0
     level1_cnt_plus[5]=0;		level1_cnt_minus[5]=0
     level1_cnt_plus[6]=0;		level1_cnt_minus[6]=0
     level1_cnt_plus[7]=0;		level1_cnt_minus[7]=0
     level1_cnt_plus[8]=0;		level1_cnt_minus[8]=0
     level1_cnt_plus[9]=0;		level1_cnt_minus[9]=0
-----------------------------------------------------------------------
MSH format builder (Iteration 0)
-----------------------------------------------------------------------
Memory Working Set Current = 32.55 Mb, Memory Working Set Peak = 32.88 Mb
Process Threads Number: 12
-----------------------------------------------------------------------
Total bricks count: 26356
-----------------------------------------------------------------------
MSH (Real Geometry) format constructor:
	Geom    Count = 2
	Bodyset Count = 2
	3D task
	Getting brick sets...OK (0.001 s)

	Min x-stack xeps = 5.44508e-06
	D / dh / eps [axis=0] = (0.00723744, 3.79204e-05, 3.79204e-08)
	D / dh / eps [axis=1] = (0.00319991, 2.97956e-05, 2.97956e-08)
	D / dh / eps [axis=2] = (0.00593522, 3.50317e-05, 3.50317e-08)
	Time (xeps): 0.000 s
Level 2
	Set (0)  size: 144
	Set (0)  time: 0.006 s
	Set (1)  size: 144
	Set (1)  time: 0.003 s
Level 1
	Set (0)  size: 270
	Set (0)  time: 0.004 s
	Set (1)  size: 270
	Set (1)  time: 0.003 s
Level 0
	Set (0)  size: 12764
	Set (0)  time: 0.004 s
	Set (1)  size: 12764
	Set (1)  time: 0.004 s

	Spread npq bricks...0 marked (0.000 s)

Result:
	Bricks number:                        26356

	Memory usage:                         0.479 MB
	Memory usage (per brick):             0.019 KB
	Construction time:                    0.026 s

	Topology features:
	------------------
	- High quality bricks                  100.00 % (26356)
	- Medium quality bricks                  0.00 % (0)
	- Bad quality bricks                     0.00 % (0)
	- NPQ bricks                             0.02 % (4)
	- Type-1 bricks                          1.77 % (466)
	- Ribs corrected bricks                  0.00 % (0)
	- Points with geom-info (bricks)         0.00 % (0)
	- Points with closest-info (bricks)      0.00 % (0)
	- Triangulated by center (bricks)        0.02 % (4)
	- Facet w-faces mergings (bricks)        0.00 % (0)
	- To refine (bricks)                     0.00 % (0)
	- Points-count                           0.00 % (0)
	- T-self-intersection-all (bricks)       0.00 % (0)
	- T-self-intersection-simple (bricks)    0.00 % (0)
	- T-self-intersection-complex (bricks)   0.00 % (0)
	- NPQ by reason 1 u-shape                0.00 % (0)
	- NPQ by reason 2 tri-by-ctr             0.02 % (4)
	- NPQ by reason 3 ray-correction         0.00 % (0)
	- NPQ by reason 4 t-self-intersection    0.00 % (0)
	- NPQ by reason 5 non-good               0.00 % (0)
	- NPQ by reason 6 npq-worker             0.00 % (0)

-----------------------------------------------------------------------
Memory Working Set Current = 35.34 Mb, Memory Working Set Peak = 35.34 Mb
Process Threads Number: 12
-----------------------------------------------------------------------
-----------------------------------------------------------------------
msh-iterations: 1
-----------------------------------------------------------------------
high---q-brick-count = 100.00 % (26356 26356)
medium-q-brick-count =   0.00 % (26356 0)
bad----q-brick-count =   0.00 % (26356 0)
np-----q-brick-count =   0.02 % (26356 4)
-----------------------------------------------------------------------
Free brick parser storage...OK(0.001 s)
-----------------------------------------------------------------------
Memory Working Set Current = 34.49 Mb, Memory Working Set Peak = 35.80 Mb
Process Threads Number: 12
-----------------------------------------------------------------------
-----------------------------------------------------------------------
MSH --> BCF format (Iteration 0)...
BCF collector...(remove mode=0)
	Time (alloc counter per brick): 0.001 s
	Brick    count: 26356
	Av.f all count: 26434
	Av.s all count: 466
	Av.f pid count: 544
	Av.s pid count: 466
	Faces fs count: 682
	Faces ff count: 0
	Faces ss count: 0
	Faces bb count: 0
	Faces fe count: 5248
	Faces se count: 0
	Faces fw count: 5930
	Faces af count: 76869
	Faces as count: 1129
	Time (all count): 	0.002 s
	Time (bcf alloc): 	0.001 s
	Time (shifts alloc): 	0.001 s
	Time (shifts init): 	0.001 s
	Time (bcf fill): 	0.002 s
	Time (add av to faces): 0.000 s
	Time (add faces to av): 0.002 s
Time (bcf collect): 		0.010 s
	AV checker...
	Time (check av): 	0.004 s
	Subdomain checker...
		Subdomains construction time: 0.002 s.
		Subdomains sort time: 0.000 s.
			Subdomain 0 (geom_ind=0): 26434 av
			Subdomain 1 (geom_ind=1): 466 av
		gi: 0, real bodies: 1
		gi: 0, subdomains:  1
		gi: 1, real bodies: 0
		gi: 1, subdomains:  1
		Defect subdomains: 0
	Time (check subdoms): 	0.003 s
Time (bcf iteration total): 	0.017 s
	Time (fw-nb): 		0.000 s
	Fixed mutual fw-nb:     502 (bb: 0)
	Time (fw-nb mutual): 	0.000 s
	Time (fw-nb sort): 	0.000 s
	Fw-opt BEFORE total:    5930 (fs=682, ff=0, ss=0)
	Fw-opt AFTER  total:    5922 (fs=674, ff=0, ss=0, failed fw/br=0/0, big_curv=6, big_poly=0)
	Fw-opt RESULT:          8 (res/(fs+ff+ss) = 1.17 %)
	Time (fw-opt): 		0.000 s
	Time (fw-re-order): 	0.000 s
	Time (fw-nb): 		0.001 s
	Fixed mutual fw-nb:     11863 (bb: 0)
	Time (fw-nb mutual): 	0.001 s
	Time (fw-nb sort): 	0.000 s
	Time (rfd fix): 	0.000 s
	Time (av convexity): 	0.000 s
	Time (av small volume): 0.000 s
	Time (diagonal fw-nb): 	0.007 s
	Fixed mutual fw-nb:     0 (bb: 0)
	Time (fw-nb mutual): 	0.000 s
	Time (fw-nb sort): 	0.000 s
	Fluid subdomains: 1
	Faces fw-nb diff sd:    0
	Time (fw-nb diff sd): 	0.003 s
Time (bcf calc): 		0.015 s
-----------------------------------------------------------------------
Time (bcf total): 		0.032 s
-----------------------------------------------------------------------
-----------------------------------------------------------------------
Mega-cv constructor for fluid...
	 0 av's is treated as thin
Relative size generator (threshold = 0.05)...
	Iteration 1 (small cluster count = 84)
	Iteration 2 (small cluster count = 55)
	Iteration 3 (small cluster count = 26)
	Iteration 4 (small cluster count = 12)
	Iteration 5 (small cluster count = 3)
	Iteration 6 (small cluster count = 0)
	 66 mega-cv's generated
	 0 mega-cv's removed
Relative size generator is completed OK (0.001 s)
Apply fa-rules to mega-cv clusters fixes...
	Fa-rule violation fixes:        6 of        6 (total cluster# =       72)
OK (0.001 s)
Convert clusters:
	 66 mega-cv's total
Mega-cv count: 66
Time (mega-cv fill): 	0.000 s
Time (mega-cv total): 	0.007 s
-----------------------------------------------------------------------
Mixing plane rotation regions: NO.
Sliding mesh rotation regions: NO.
Fluid/fluid faces: NO.
-----------------------------------------------------------------------
Memory Working Set Current = 42.69 Mb, Memory Working Set Peak = 46.12 Mb
Process Threads Number: 12
-----------------------------------------------------------------------
----------------------------------------------------------
BCF --> BCF.GEOMSUBDOM (bridge arrays):
MESH (0):
	Fluid Subdom Constructor: 1 subdom(s).
	Solid Subdom Constructor: 1 subdom(s).
	Net Asm Subdom Constructor: 0 subdom(s).
	GEOMSUBDOM (0): gi=0 fluid av=26434 cv=26344 fa=76869 fb=0 fw=5922 V=1.373728e-07
	Cache data...OK
	GEOMSUBDOM (1): gi=1 solid av=466 cv=466 fa=1129 fb=0 fw=674 V=8.164581e-11
	Cache data...OK
	Setting nb of w-faces...OK (0.001 s).
	Correcting nb of w-faces...
	Time(correct_fw_nb)=0.001 s

MESH (0) checking:
	GEOMSUBDOM (0):fa_s=0.0023396435053189 fb_s=0.0000000000000000 fw_s=0.0001724331186593 fw_nb=47394
	              :d_const(4102)=1.69126e-09 d_linear(4095)=6.17635e-09
	GEOMSUBDOM (1):fa_s=0.0000028826012244 fb_s=0.0000000000000000 fw_s=0.0000022190026188 fw_nb=5434
	              :d_const(438)=7.43973e-09 d_linear(438)=5.01928e-09
MESH (0) checking: OK.
Time (MDS): 	0.019 s
----------------------------------------------------------
-----------------------------------------------------------------------
Memory Working Set Current = 50.45 Mb, Memory Working Set Peak = 50.45 Mb
Process Threads Number: 12
-----------------------------------------------------------------------

-----------------------------------------------------------------------
BCF CHECKSUM DATA (Mesh 0):

BRICK |Level1| Sum:               0
FACE_A Area Sum:   G.Fluid        0.0023396435053189
FACE_A Area Sum:   G.Solid        0.0000028826012244
FACE_W Area Sum:                  0.0001724331186593
FACE_W Nb   Sum:                  47394
FACE_W min curvatures sum:        -1783227.43378406
FACE_W max curvatures sum:        1664896.53495104
AV Max Disbalance(Const) :        7.43973e-09 (cid=16330, t={46, 53, 76}, avid=26882, pid=448)
AV Max Disbalance(Linear):        6.17635e-09 (cid=10059, t={45, 53, 51}, avid=10059, pid=11)
-----------------------------------------------------------------------


-----------------------------------------------------------------------
MESHER TOPOLOGY DATA:

BRICKS: Total                 26356
BRICKS: Fluid                 26356
BRICKS: Fluid Partial         466
BRICKS: Type 1                466
BRICKS: Max AV number         3

AV:     G.Total               26900
AV:     G.Fluid               26434
AV:     G.Solid               466

AV:     G.Fluid Thin Profile    0.00 % (0)
AV:     G.Solid Thin Profile   16.74 % (78)

AV:     G.Fluid Thin For Mega   0.00 % (0)
AV:     G.Solid Thin For Mega  11.59 % (54)

AV:     G.Fluid Non-Convex      0.39 % (102)
AV:     G.Solid Non-Convex      1.29 % (6)

AV:     G.Fluid Non-Ess-Convex      0.38 % (100)
AV:     G.Solid Non-Ess-Convex      0.86 % (4)

FACE_A: G.Fluid          (af) 76869 (partially opened 1125)
FACE_A: G.Solid          (as) 1129 (partially opened 973)

FACE_B: G.Total          (b)  0

FACE_W: G.Total                 5922        Brick/Bound
FACE_W: G.Fluid/Solid    (fs_g) 674         0           
FACE_W: G.Fluid/Fluid    (ff_g) 0           0           
FACE_W: G.Solid/Solid    (ss_g) 0           0           
FACE_W: G.Fluid/External (fe_g) 5248
FACE_W: G.Solid/External (se_g) 0

AV/CV max fa count (on brick side):6
AV/CV max fw count:                6
AV/CV max fb count:                0
AV/CV max fw poly count:           9

MEMORY: Total                   8.086 MB
MEMORY: Per Brick               0.314 KB
-----------------------------------------------------------------------

-----------------------------------------------------------------------
Connectivities information:
	Number of conns: 0
-----------------------------------------------------------------------
	Time (gap size): 	0.010 s
-----------------------------------------------------------------------
Memory Working Set Current = 50.52 Mb, Memory Working Set Peak = 50.91 Mb
Process Threads Number: 12
-----------------------------------------------------------------------
-----------------------------------------------------------------------
Calculating curvature and tolerance criteria...
Curvature: min=0 (cid=0) max=2.91481 (cid=10065)
Tolerance: min=0 (cid=0) max=1.34128e-05 (cid=10064)
Calculating curvature and tolerance criteria takes 0.002 s
-----------------------------------------------------------------------
MESH Build(FS) finished. Time=0.226 s
-----------------------------------------------------------------------
Current CPU = 1 sec

Nx=32
Ny=25
Nz=32
Max BRICK Level=2
Mesh Level=2
-----------------CModelBodies2MeshMapper::CollectData started -------------------------------
	Time (collect mesh base data): 0.000 s.
	Time (collect model bodies mapping): 0.000 s.
	Time (collect positive bodies mapping): 0.000 s.
	Time (collect fluid bodies mapping): 0.000 s.
-----------------CModelBodies2MeshMapper Report -------------------------------
FluidDomains 1 SolidDomains 1 VoidDomains 0 
Domains RefIndexes
----------------- -------------------------------
	ModelBodies
Total resolved Bodies 0 BodySets 0

--------------------------------------------------------------------------
	Positive geometry Bodies
Total resolved Bodies 1 BodySets 1
BodySet 0
	Bodies list:
			#0	Name: ;	ID: 34835bb5-29b6-4c59-9f1d-fb964e0d3ba5
	Domains list:		 0 

--------------------------------------------------------------------------
	Fluid regions
Total resolved Bodies 1 BodySets 1
BodySet 0	Material: Air; 
	Bodies list:
			#0	Name: ;	ID: 34835bb5-29b6-4c59-9f1d-fb964e0d3ba5
	Domains list:		 0 

--------------------------------------------------------------------------
Collect data takes...0.001 s
-----------------CModelBodies2MeshMapper::CollectData finished successfully-------------------
Saving initial mesh in: C:\Users\mdawl\OneDrive\Desktop\Test\Airflow AirFoil\1\1.fld .
Storing results...
	Estimated CPT size=2.997 MB.
	Time (write bcf): 0.063 s
Storing results takes 0.066 s
-----------------------------------------------------------------------
Memory Working Set Current = 50.90 Mb, Memory Working Set Peak = 50.98 Mb
Process Threads Number: 12
-----------------------------------------------------------------------
Cleaning memory...
-----------------------------------------------------------------------
Start to free mesher data...
MMP (msh): locals=6, allc_sz=3.85 MB, used_sz=3.23 MB, blks-min-max=1/22
MMP (brx): locals=6, allc_sz=3.75 MB, used_sz=3.47 MB, blks-min-max=4/20
MMP (bcf): locals=6, allc_sz=11.98 MB, used_sz=11.46 MB, blks-min-max=10/32
MMP (xsl): locals=6, allc_sz=0.09 MB, used_sz=0.03 MB, blks-min-max=1/1
Free xsl...            OK	Time=0.000 s
Free ray collector...  OK	Time=0.000 s
Free ray intersector...OK	Time=0.000 s
Free body sets...      OK	Time=0.000 s
Free Geometry DB takes 0.000 s
Free mesh conn...      OK	Time=0.000 s
Free geomsd...         OK	Time=0.000 s
Free mbricks...        OK	Time=0.000 s
Free hash info...      OK	Time=0.000 s
Free bricks-x...       OK	Time=0.000 s
Free bcf...            OK	Time=0.001 s
Free mesh h...         OK	Time=0.000 s
Free bricks arr..      OK	Time=0.000 s
Free bricks tree...    OK	Time=0.000 s
Free mesh pools...     OK	Time=0.002 s
Free bodies mapper...  OK	Time=0.000 s
Free geom crits...     OK	Time=0.000 s
Free cpt regions...    OK	Time=0.000 s
Free peculiar surfs... OK	Time=0.000 s
Free sw-geometries...  OK	Time=0.000 s
Total free mesher data time: 0.004 s
-----------------------------------------------------------------------
Copying... OK
Mesh generation normally finished at	15.10.2022	19:57:24
Mesher CPU = 1 sec
Mesher is finished at	15.10.2022	19:57:24
-----------------------------------------------------------------------
Memory Working Set Current = 28.80 Mb, Memory Working Set Peak = 51.36 Mb
Process Threads Number: 12
-----------------------------------------------------------------------
Algebra Pool      : mem_usage = 0.69 Mb, allocated count = 0
-----------------------------------------------------------------------
Memory Working Set Current = 28.15 Mb, Memory Working Set Peak = 51.36 Mb
Process Threads Number: 12
-----------------------------------------------------------------------
Log ended at 15.10.2022	19:57:24
